<?xml version="1.0" encoding="UTF-8"?>
<!-- Generated by org.testng.reporters.JUnitReportReporter -->
<testsuite hostname="DESKTOP-RE6L4UB" failures="0" tests="1" name="org.malitcode.test.CustomerLoginTest" time="11.589" errors="0" timestamp="2021-07-19T14:26:19 SAST" skipped="0">
  <testcase classname="org.malitcode.test.CustomerLoginTest" name="loginCustomer" time="11.589"/>
  <system-out/>
</testsuite> <!-- org.malitcode.test.CustomerLoginTest -->
